<?xml version="1.0" encoding="UTF-8"?>
<!-- Generated by org.testng.reporters.JUnitXMLReporter -->
<testsuite hostname="DESKTOP-E9ARFLP" ignored="8" name="Default test" tests="1" failures="0" timestamp="2023-10-06T20:53:17 IST" time="16.454" errors="0">
  <testcase name="relativeLocatorsSelenium4" time="1.621" classname="com.amazon.automation.AmazonWebSiteAutomation"/>
  <testcase name="uploadAndDownload" time="0.0" classname="com.amazon.automation.AmazonWebSiteAutomation">
    <ignored/>
  </testcase> <!-- uploadAndDownload -->
  <testcase name="waitCondition" time="0.0" classname="com.amazon.automation.AmazonWebSiteAutomation">
    <ignored/>
  </testcase> <!-- waitCondition -->
  <testcase name="checkBoxes" time="0.0" classname="com.amazon.automation.AmazonWebSiteAutomation">
    <ignored/>
  </testcase> <!-- checkBoxes -->
  <testcase name="radioButton" time="0.0" classname="com.amazon.automation.AmazonWebSiteAutomation">
    <ignored/>
  </testcase> <!-- radioButton -->
  <testcase name="buttonActions" time="0.0" classname="com.amazon.automation.AmazonWebSiteAutomation">
    <ignored/>
  </testcase> <!-- buttonActions -->
  <testcase name="LinksAndImages" time="0.0" classname="com.amazon.automation.AmazonWebSiteAutomation">
    <ignored/>
  </testcase> <!-- LinksAndImages -->
  <testcase name="openMultipleWindows" time="0.0" classname="com.amazon.automation.AmazonWebSiteAutomation">
    <ignored/>
  </testcase> <!-- openMultipleWindows -->
  <testcase name="elementsTextBox" time="0.0" classname="com.amazon.automation.AmazonWebSiteAutomation">
    <ignored/>
  </testcase> <!-- elementsTextBox -->
</testsuite> <!-- Default test -->
