<?xml version="1.0" encoding="UTF-8"?>
<testng-results ignored="0" total="1" passed="1" failed="0" skipped="0">
  <reporter-output>
  </reporter-output>
  <suite started-at="2023-07-05T17:46:18 IST" name="Default suite" finished-at="2023-07-05T17:46:18 IST" duration-ms="92">
    <groups>
    </groups>
    <test started-at="2023-07-05T17:46:18 IST" name="Default test" finished-at="2023-07-05T17:46:18 IST" duration-ms="92">
      <class name="com.amazon.automation.AmazonWebSiteAutomation">
        <test-method signature="runTest()[pri:0, instance:com.amazon.automation.AmazonWebSiteAutomation@4ef37659]" started-at="2023-07-05T17:46:18 IST" name="runTest" finished-at="2023-07-05T17:46:18 IST" duration-ms="15" status="PASS">
          <reporter-output>
          </reporter-output>
        </test-method> <!-- runTest -->
      </class> <!-- com.amazon.automation.AmazonWebSiteAutomation -->
    </test> <!-- Default test -->
  </suite> <!-- Default suite -->
</testng-results>
